2025-06-09 23:01:19,237 - nasdaq_scraper - INFO - __init__:33 - NASDAQ-100 Scraper Application initialized
2025-06-09 23:01:19,237 - nasdaq_scraper - INFO - initialize:46 - Initializing application components...
2025-06-09 23:01:19,237 - nasdaq_scraper - INFO - initialize:53 - Initializing database connection...
2025-06-09 23:01:19,530 - nasdaq_scraper - INFO - initialize:58 - Database table not found, attempting to create...
2025-06-09 23:01:39,844 - nasdaq_scraper - INFO - initialize:63 - Initializing NASDAQ scraper...
2025-06-09 23:01:39,847 - nasdaq_scraper - INFO - initialize:70 - Performing initial health check...
2025-06-09 23:01:43,834 - nasdaq_scraper - INFO - initialize:79 - All components initialized successfully
2025-06-09 23:01:43,835 - nasdaq_scraper - INFO - run_health_check_only:230 - Running health check...
2025-06-09 23:03:56,150 - nasdaq_scraper - INFO - __init__:33 - NASDAQ-100 Scraper Application initialized
2025-06-09 23:03:56,151 - nasdaq_scraper - INFO - initialize:46 - Initializing application components...
2025-06-09 23:03:56,151 - nasdaq_scraper - INFO - initialize:53 - Initializing database connection...
2025-06-09 23:03:56,431 - nasdaq_scraper - INFO - initialize:63 - Initializing NASDAQ scraper...
2025-06-09 23:03:56,432 - nasdaq_scraper - INFO - initialize:70 - Performing initial health check...
2025-06-09 23:04:00,229 - nasdaq_scraper - INFO - initialize:79 - All components initialized successfully
2025-06-09 23:04:00,229 - nasdaq_scraper - INFO - run_once:214 - Running single scraping cycle...
2025-06-09 23:04:00,230 - nasdaq_scraper - INFO - run_single_scrape:90 - Starting scraping cycle...
2025-06-09 23:09:54,205 - nasdaq_scraper - INFO - run_single_scrape:98 - Saving 99 stock records to database...
2025-06-09 23:09:54,712 - nasdaq_scraper - INFO - run_single_scrape:104 - Successfully saved 99 stock records
2025-06-09 23:09:54,712 - nasdaq_scraper - INFO - run_single_scrape:110 - Scraping cycle completed in 354.5s: 99/100 successful (99.0%)
2025-06-09 23:09:54,712 - nasdaq_scraper - WARNING - run_single_scrape:119 - Failed symbols: ['SGEN']
2025-06-09 23:09:54,712 - nasdaq_scraper - INFO - run_once:218 - Single scrape completed successfully
2025-06-09 23:11:00,661 - nasdaq_scraper - INFO - __init__:33 - NASDAQ-100 Scraper Application initialized
2025-06-09 23:11:00,661 - nasdaq_scraper - INFO - initialize:46 - Initializing application components...
2025-06-09 23:11:00,661 - nasdaq_scraper - INFO - initialize:53 - Initializing database connection...
2025-06-09 23:11:00,994 - nasdaq_scraper - INFO - initialize:63 - Initializing NASDAQ scraper...
2025-06-09 23:11:00,996 - nasdaq_scraper - INFO - initialize:70 - Performing initial health check...
2025-06-09 23:11:04,844 - nasdaq_scraper - INFO - initialize:79 - All components initialized successfully
2025-06-09 23:11:04,844 - nasdaq_scraper - INFO - run_once:214 - Running single scraping cycle...
2025-06-09 23:11:04,846 - nasdaq_scraper - INFO - run_single_scrape:90 - Starting scraping cycle...
2025-06-09 23:13:19,998 - nasdaq_scraper - INFO - _signal_handler:40 - Received SIGINT, initiating graceful shutdown...
2025-06-09 23:13:19,999 - nasdaq_scraper - INFO - stop:255 - Stopping application...
2025-06-09 23:13:20,002 - nasdaq_scraper - INFO - stop:265 - Application stopped successfully
2025-06-09 23:13:20,130 - nasdaq_scraper - INFO - _signal_handler:40 - Received SIGINT, initiating graceful shutdown...
2025-06-09 23:13:20,130 - nasdaq_scraper - INFO - stop:255 - Stopping application...
2025-06-09 23:13:20,130 - nasdaq_scraper - INFO - stop:265 - Application stopped successfully
2025-06-09 23:13:20,333 - nasdaq_scraper - INFO - _signal_handler:40 - Received SIGINT, initiating graceful shutdown...
2025-06-09 23:13:20,333 - nasdaq_scraper - INFO - stop:255 - Stopping application...
2025-06-09 23:13:20,333 - nasdaq_scraper - INFO - stop:265 - Application stopped successfully
2025-06-09 23:15:02,700 - nasdaq_scraper - INFO - _signal_handler:40 - Received SIGINT, initiating graceful shutdown...
2025-06-09 23:15:02,701 - nasdaq_scraper - INFO - stop:255 - Stopping application...
2025-06-09 23:15:02,703 - nasdaq_scraper - INFO - stop:265 - Application stopped successfully
2025-06-09 23:15:02,836 - nasdaq_scraper - INFO - _signal_handler:40 - Received SIGINT, initiating graceful shutdown...
2025-06-09 23:15:02,836 - nasdaq_scraper - INFO - stop:255 - Stopping application...
2025-06-09 23:15:02,836 - nasdaq_scraper - INFO - stop:265 - Application stopped successfully
2025-06-09 23:15:02,966 - nasdaq_scraper - INFO - _signal_handler:40 - Received SIGINT, initiating graceful shutdown...
2025-06-09 23:15:02,967 - nasdaq_scraper - INFO - stop:255 - Stopping application...
2025-06-09 23:15:02,967 - nasdaq_scraper - INFO - stop:265 - Application stopped successfully
2025-06-09 23:15:03,532 - nasdaq_scraper - INFO - _signal_handler:40 - Received SIGINT, initiating graceful shutdown...
2025-06-09 23:15:03,532 - nasdaq_scraper - INFO - stop:255 - Stopping application...
2025-06-09 23:15:03,532 - nasdaq_scraper - INFO - stop:265 - Application stopped successfully
2025-06-09 23:15:03,663 - nasdaq_scraper - INFO - _signal_handler:40 - Received SIGINT, initiating graceful shutdown...
2025-06-09 23:15:03,663 - nasdaq_scraper - INFO - stop:255 - Stopping application...
2025-06-09 23:15:03,663 - nasdaq_scraper - INFO - stop:265 - Application stopped successfully
2025-06-09 23:15:03,784 - nasdaq_scraper - INFO - _signal_handler:40 - Received SIGINT, initiating graceful shutdown...
2025-06-09 23:15:03,784 - nasdaq_scraper - INFO - stop:255 - Stopping application...
2025-06-09 23:15:03,784 - nasdaq_scraper - INFO - stop:265 - Application stopped successfully
2025-06-09 23:15:05,046 - nasdaq_scraper - INFO - _signal_handler:40 - Received SIGINT, initiating graceful shutdown...
2025-06-09 23:15:05,046 - nasdaq_scraper - INFO - stop:255 - Stopping application...
2025-06-09 23:15:05,046 - nasdaq_scraper - INFO - stop:265 - Application stopped successfully
2025-06-09 23:15:05,211 - nasdaq_scraper - INFO - _signal_handler:40 - Received SIGINT, initiating graceful shutdown...
2025-06-09 23:15:05,211 - nasdaq_scraper - INFO - stop:255 - Stopping application...
2025-06-09 23:15:05,211 - nasdaq_scraper - INFO - stop:265 - Application stopped successfully
2025-06-09 23:15:05,359 - nasdaq_scraper - INFO - _signal_handler:40 - Received SIGINT, initiating graceful shutdown...
2025-06-09 23:15:05,359 - nasdaq_scraper - INFO - stop:255 - Stopping application...
2025-06-09 23:15:05,359 - nasdaq_scraper - INFO - stop:265 - Application stopped successfully
2025-06-09 23:15:05,479 - nasdaq_scraper - INFO - _signal_handler:40 - Received SIGINT, initiating graceful shutdown...
2025-06-09 23:15:05,480 - nasdaq_scraper - INFO - stop:255 - Stopping application...
2025-06-09 23:15:05,480 - nasdaq_scraper - INFO - stop:265 - Application stopped successfully
2025-06-09 23:15:05,622 - nasdaq_scraper - INFO - _signal_handler:40 - Received SIGINT, initiating graceful shutdown...
2025-06-09 23:15:05,622 - nasdaq_scraper - INFO - stop:255 - Stopping application...
2025-06-09 23:15:05,622 - nasdaq_scraper - INFO - stop:265 - Application stopped successfully
2025-06-09 23:15:05,807 - nasdaq_scraper - INFO - _signal_handler:40 - Received SIGINT, initiating graceful shutdown...
2025-06-09 23:15:05,807 - nasdaq_scraper - INFO - stop:255 - Stopping application...
2025-06-09 23:15:05,807 - nasdaq_scraper - INFO - stop:265 - Application stopped successfully
2025-06-09 23:15:05,990 - nasdaq_scraper - INFO - _signal_handler:40 - Received SIGINT, initiating graceful shutdown...
2025-06-09 23:15:05,991 - nasdaq_scraper - INFO - stop:255 - Stopping application...
2025-06-09 23:15:05,991 - nasdaq_scraper - INFO - stop:265 - Application stopped successfully
2025-06-09 23:15:06,151 - nasdaq_scraper - INFO - _signal_handler:40 - Received SIGINT, initiating graceful shutdown...
2025-06-09 23:15:06,152 - nasdaq_scraper - INFO - stop:255 - Stopping application...
2025-06-09 23:15:06,152 - nasdaq_scraper - INFO - stop:265 - Application stopped successfully
2025-06-09 23:15:06,285 - nasdaq_scraper - INFO - _signal_handler:40 - Received SIGINT, initiating graceful shutdown...
2025-06-09 23:15:06,286 - nasdaq_scraper - INFO - stop:255 - Stopping application...
2025-06-09 23:15:06,286 - nasdaq_scraper - INFO - stop:265 - Application stopped successfully
2025-06-09 23:15:06,418 - nasdaq_scraper - INFO - _signal_handler:40 - Received SIGINT, initiating graceful shutdown...
2025-06-09 23:15:06,418 - nasdaq_scraper - INFO - stop:255 - Stopping application...
2025-06-09 23:15:06,418 - nasdaq_scraper - INFO - stop:265 - Application stopped successfully
2025-06-09 23:15:06,924 - nasdaq_scraper - INFO - _signal_handler:40 - Received SIGINT, initiating graceful shutdown...
2025-06-09 23:15:06,925 - nasdaq_scraper - INFO - stop:255 - Stopping application...
2025-06-09 23:15:06,925 - nasdaq_scraper - INFO - stop:265 - Application stopped successfully
2025-06-09 23:15:07,008 - nasdaq_scraper - INFO - _signal_handler:40 - Received SIGINT, initiating graceful shutdown...
2025-06-09 23:15:07,009 - nasdaq_scraper - INFO - stop:255 - Stopping application...
2025-06-09 23:15:07,009 - nasdaq_scraper - INFO - stop:265 - Application stopped successfully
2025-06-09 23:15:07,086 - nasdaq_scraper - INFO - _signal_handler:40 - Received SIGINT, initiating graceful shutdown...
2025-06-09 23:15:07,086 - nasdaq_scraper - INFO - stop:255 - Stopping application...
2025-06-09 23:15:07,086 - nasdaq_scraper - INFO - stop:265 - Application stopped successfully
2025-06-09 23:15:07,169 - nasdaq_scraper - INFO - _signal_handler:40 - Received SIGINT, initiating graceful shutdown...
2025-06-09 23:15:07,169 - nasdaq_scraper - INFO - stop:255 - Stopping application...
2025-06-09 23:15:07,169 - nasdaq_scraper - INFO - stop:265 - Application stopped successfully
2025-06-09 23:15:07,255 - nasdaq_scraper - INFO - _signal_handler:40 - Received SIGINT, initiating graceful shutdown...
2025-06-09 23:15:07,256 - nasdaq_scraper - INFO - stop:255 - Stopping application...
2025-06-09 23:15:07,256 - nasdaq_scraper - INFO - stop:265 - Application stopped successfully
2025-06-09 23:15:07,343 - nasdaq_scraper - INFO - _signal_handler:40 - Received SIGINT, initiating graceful shutdown...
2025-06-09 23:15:07,343 - nasdaq_scraper - INFO - stop:255 - Stopping application...
2025-06-09 23:15:07,343 - nasdaq_scraper - INFO - stop:265 - Application stopped successfully
2025-06-09 23:15:07,427 - nasdaq_scraper - INFO - _signal_handler:40 - Received SIGINT, initiating graceful shutdown...
2025-06-09 23:15:07,427 - nasdaq_scraper - INFO - stop:255 - Stopping application...
2025-06-09 23:15:07,427 - nasdaq_scraper - INFO - stop:265 - Application stopped successfully
2025-06-09 23:15:07,512 - nasdaq_scraper - INFO - _signal_handler:40 - Received SIGINT, initiating graceful shutdown...
2025-06-09 23:15:07,512 - nasdaq_scraper - INFO - stop:255 - Stopping application...
2025-06-09 23:15:07,513 - nasdaq_scraper - INFO - stop:265 - Application stopped successfully
2025-06-09 23:15:07,590 - nasdaq_scraper - INFO - _signal_handler:40 - Received SIGINT, initiating graceful shutdown...
2025-06-09 23:15:07,590 - nasdaq_scraper - INFO - stop:255 - Stopping application...
2025-06-09 23:15:07,591 - nasdaq_scraper - INFO - stop:265 - Application stopped successfully
2025-06-09 23:15:07,678 - nasdaq_scraper - INFO - _signal_handler:40 - Received SIGINT, initiating graceful shutdown...
2025-06-09 23:15:07,679 - nasdaq_scraper - INFO - stop:255 - Stopping application...
2025-06-09 23:15:07,679 - nasdaq_scraper - INFO - stop:265 - Application stopped successfully
2025-06-09 23:15:07,758 - nasdaq_scraper - INFO - _signal_handler:40 - Received SIGINT, initiating graceful shutdown...
2025-06-09 23:15:07,758 - nasdaq_scraper - INFO - stop:255 - Stopping application...
2025-06-09 23:15:07,758 - nasdaq_scraper - INFO - stop:265 - Application stopped successfully
2025-06-09 23:15:07,846 - nasdaq_scraper - INFO - _signal_handler:40 - Received SIGINT, initiating graceful shutdown...
2025-06-09 23:15:07,846 - nasdaq_scraper - INFO - stop:255 - Stopping application...
2025-06-09 23:15:07,846 - nasdaq_scraper - INFO - stop:265 - Application stopped successfully
2025-06-09 23:15:08,929 - nasdaq_scraper - INFO - _signal_handler:40 - Received SIGINT, initiating graceful shutdown...
2025-06-09 23:15:08,930 - nasdaq_scraper - INFO - stop:255 - Stopping application...
2025-06-09 23:15:08,930 - nasdaq_scraper - INFO - stop:265 - Application stopped successfully
2025-06-09 23:15:09,109 - nasdaq_scraper - INFO - _signal_handler:40 - Received SIGINT, initiating graceful shutdown...
2025-06-09 23:15:09,110 - nasdaq_scraper - INFO - stop:255 - Stopping application...
2025-06-09 23:15:09,110 - nasdaq_scraper - INFO - stop:265 - Application stopped successfully
2025-06-09 23:15:09,235 - nasdaq_scraper - INFO - _signal_handler:40 - Received SIGINT, initiating graceful shutdown...
2025-06-09 23:15:09,236 - nasdaq_scraper - INFO - stop:255 - Stopping application...
2025-06-09 23:15:09,236 - nasdaq_scraper - INFO - stop:265 - Application stopped successfully
2025-06-09 23:15:09,374 - nasdaq_scraper - INFO - _signal_handler:40 - Received SIGINT, initiating graceful shutdown...
2025-06-09 23:15:09,374 - nasdaq_scraper - INFO - stop:255 - Stopping application...
2025-06-09 23:15:09,374 - nasdaq_scraper - INFO - stop:265 - Application stopped successfully
2025-06-09 23:15:10,067 - nasdaq_scraper - INFO - _signal_handler:40 - Received SIGINT, initiating graceful shutdown...
2025-06-09 23:15:10,068 - nasdaq_scraper - INFO - stop:255 - Stopping application...
2025-06-09 23:15:10,068 - nasdaq_scraper - INFO - stop:265 - Application stopped successfully
2025-06-09 23:15:10,250 - nasdaq_scraper - INFO - _signal_handler:40 - Received SIGINT, initiating graceful shutdown...
2025-06-09 23:15:10,250 - nasdaq_scraper - INFO - stop:255 - Stopping application...
2025-06-09 23:15:10,250 - nasdaq_scraper - INFO - stop:265 - Application stopped successfully
2025-06-09 23:15:10,398 - nasdaq_scraper - INFO - _signal_handler:40 - Received SIGINT, initiating graceful shutdown...
2025-06-09 23:15:10,398 - nasdaq_scraper - INFO - stop:255 - Stopping application...
2025-06-09 23:15:10,399 - nasdaq_scraper - INFO - stop:265 - Application stopped successfully
2025-06-09 23:15:10,544 - nasdaq_scraper - INFO - _signal_handler:40 - Received SIGINT, initiating graceful shutdown...
2025-06-09 23:15:10,544 - nasdaq_scraper - INFO - stop:255 - Stopping application...
2025-06-09 23:15:10,544 - nasdaq_scraper - INFO - stop:265 - Application stopped successfully
2025-06-09 23:15:11,580 - nasdaq_scraper - INFO - _signal_handler:40 - Received SIGINT, initiating graceful shutdown...
2025-06-09 23:15:11,580 - nasdaq_scraper - INFO - stop:255 - Stopping application...
2025-06-09 23:15:11,580 - nasdaq_scraper - INFO - stop:265 - Application stopped successfully
2025-06-09 23:15:45,426 - nasdaq_scraper - INFO - _signal_handler:40 - Received SIGINT, initiating graceful shutdown...
2025-06-09 23:15:45,427 - nasdaq_scraper - INFO - stop:255 - Stopping application...
2025-06-09 23:15:45,427 - nasdaq_scraper - INFO - stop:265 - Application stopped successfully
2025-06-09 23:15:45,559 - nasdaq_scraper - INFO - _signal_handler:40 - Received SIGINT, initiating graceful shutdown...
2025-06-09 23:15:45,560 - nasdaq_scraper - INFO - stop:255 - Stopping application...
2025-06-09 23:15:45,560 - nasdaq_scraper - INFO - stop:265 - Application stopped successfully
2025-06-09 23:15:45,693 - nasdaq_scraper - INFO - _signal_handler:40 - Received SIGINT, initiating graceful shutdown...
2025-06-09 23:15:45,693 - nasdaq_scraper - INFO - stop:255 - Stopping application...
2025-06-09 23:15:45,694 - nasdaq_scraper - INFO - stop:265 - Application stopped successfully
2025-06-09 23:15:47,905 - nasdaq_scraper - INFO - _signal_handler:40 - Received SIGINT, initiating graceful shutdown...
2025-06-09 23:15:47,905 - nasdaq_scraper - INFO - stop:255 - Stopping application...
2025-06-09 23:15:47,905 - nasdaq_scraper - INFO - stop:265 - Application stopped successfully
2025-06-09 23:15:48,068 - nasdaq_scraper - INFO - _signal_handler:40 - Received SIGINT, initiating graceful shutdown...
2025-06-09 23:15:48,068 - nasdaq_scraper - INFO - stop:255 - Stopping application...
2025-06-09 23:15:48,068 - nasdaq_scraper - INFO - stop:265 - Application stopped successfully
2025-06-09 23:15:48,223 - nasdaq_scraper - INFO - _signal_handler:40 - Received SIGINT, initiating graceful shutdown...
2025-06-09 23:15:48,223 - nasdaq_scraper - INFO - stop:255 - Stopping application...
2025-06-09 23:15:48,223 - nasdaq_scraper - INFO - stop:265 - Application stopped successfully
2025-06-09 23:15:48,339 - nasdaq_scraper - INFO - _signal_handler:40 - Received SIGINT, initiating graceful shutdown...
2025-06-09 23:15:48,340 - nasdaq_scraper - INFO - stop:255 - Stopping application...
2025-06-09 23:15:48,340 - nasdaq_scraper - INFO - stop:265 - Application stopped successfully
2025-06-09 23:15:48,842 - nasdaq_scraper - INFO - _signal_handler:40 - Received SIGINT, initiating graceful shutdown...
2025-06-09 23:15:48,843 - nasdaq_scraper - INFO - stop:255 - Stopping application...
2025-06-09 23:15:48,843 - nasdaq_scraper - INFO - stop:265 - Application stopped successfully
2025-06-09 23:15:48,931 - nasdaq_scraper - INFO - _signal_handler:40 - Received SIGINT, initiating graceful shutdown...
2025-06-09 23:15:48,931 - nasdaq_scraper - INFO - stop:255 - Stopping application...
2025-06-09 23:15:48,931 - nasdaq_scraper - INFO - stop:265 - Application stopped successfully
2025-06-09 23:15:49,007 - nasdaq_scraper - INFO - _signal_handler:40 - Received SIGINT, initiating graceful shutdown...
2025-06-09 23:15:49,007 - nasdaq_scraper - INFO - stop:255 - Stopping application...
2025-06-09 23:15:49,007 - nasdaq_scraper - INFO - stop:265 - Application stopped successfully
2025-06-09 23:15:49,090 - nasdaq_scraper - INFO - _signal_handler:40 - Received SIGINT, initiating graceful shutdown...
2025-06-09 23:15:49,090 - nasdaq_scraper - INFO - stop:255 - Stopping application...
2025-06-09 23:15:49,090 - nasdaq_scraper - INFO - stop:265 - Application stopped successfully
2025-06-09 23:15:49,172 - nasdaq_scraper - INFO - _signal_handler:40 - Received SIGINT, initiating graceful shutdown...
2025-06-09 23:15:49,173 - nasdaq_scraper - INFO - stop:255 - Stopping application...
2025-06-09 23:15:49,173 - nasdaq_scraper - INFO - stop:265 - Application stopped successfully
2025-06-09 23:15:49,256 - nasdaq_scraper - INFO - _signal_handler:40 - Received SIGINT, initiating graceful shutdown...
2025-06-09 23:15:49,256 - nasdaq_scraper - INFO - stop:255 - Stopping application...
2025-06-09 23:15:49,256 - nasdaq_scraper - INFO - stop:265 - Application stopped successfully
2025-06-09 23:15:49,345 - nasdaq_scraper - INFO - _signal_handler:40 - Received SIGINT, initiating graceful shutdown...
2025-06-09 23:15:49,345 - nasdaq_scraper - INFO - stop:255 - Stopping application...
2025-06-09 23:15:49,345 - nasdaq_scraper - INFO - stop:265 - Application stopped successfully
2025-06-09 23:15:49,425 - nasdaq_scraper - INFO - _signal_handler:40 - Received SIGINT, initiating graceful shutdown...
2025-06-09 23:15:49,425 - nasdaq_scraper - INFO - stop:255 - Stopping application...
2025-06-09 23:15:49,425 - nasdaq_scraper - INFO - stop:265 - Application stopped successfully
2025-06-09 23:15:49,506 - nasdaq_scraper - INFO - _signal_handler:40 - Received SIGINT, initiating graceful shutdown...
2025-06-09 23:15:49,506 - nasdaq_scraper - INFO - stop:255 - Stopping application...
2025-06-09 23:15:49,506 - nasdaq_scraper - INFO - stop:265 - Application stopped successfully
2025-06-09 23:15:49,587 - nasdaq_scraper - INFO - _signal_handler:40 - Received SIGINT, initiating graceful shutdown...
2025-06-09 23:15:49,587 - nasdaq_scraper - INFO - stop:255 - Stopping application...
2025-06-09 23:15:49,587 - nasdaq_scraper - INFO - stop:265 - Application stopped successfully
2025-06-09 23:15:49,670 - nasdaq_scraper - INFO - _signal_handler:40 - Received SIGINT, initiating graceful shutdown...
2025-06-09 23:15:49,670 - nasdaq_scraper - INFO - stop:255 - Stopping application...
2025-06-09 23:15:49,670 - nasdaq_scraper - INFO - stop:265 - Application stopped successfully
2025-06-09 23:15:49,755 - nasdaq_scraper - INFO - _signal_handler:40 - Received SIGINT, initiating graceful shutdown...
2025-06-09 23:15:49,755 - nasdaq_scraper - INFO - stop:255 - Stopping application...
2025-06-09 23:15:49,755 - nasdaq_scraper - INFO - stop:265 - Application stopped successfully
2025-06-09 23:15:49,837 - nasdaq_scraper - INFO - _signal_handler:40 - Received SIGINT, initiating graceful shutdown...
2025-06-09 23:15:49,838 - nasdaq_scraper - INFO - stop:255 - Stopping application...
2025-06-09 23:15:49,838 - nasdaq_scraper - INFO - stop:265 - Application stopped successfully
2025-06-09 23:15:49,918 - nasdaq_scraper - INFO - _signal_handler:40 - Received SIGINT, initiating graceful shutdown...
2025-06-09 23:15:49,918 - nasdaq_scraper - INFO - stop:255 - Stopping application...
2025-06-09 23:15:49,918 - nasdaq_scraper - INFO - stop:265 - Application stopped successfully
2025-06-09 23:15:50,007 - nasdaq_scraper - INFO - _signal_handler:40 - Received SIGINT, initiating graceful shutdown...
2025-06-09 23:15:50,007 - nasdaq_scraper - INFO - stop:255 - Stopping application...
2025-06-09 23:15:50,007 - nasdaq_scraper - INFO - stop:265 - Application stopped successfully
2025-06-09 23:15:50,090 - nasdaq_scraper - INFO - _signal_handler:40 - Received SIGINT, initiating graceful shutdown...
2025-06-09 23:15:50,090 - nasdaq_scraper - INFO - stop:255 - Stopping application...
2025-06-09 23:15:50,091 - nasdaq_scraper - INFO - stop:265 - Application stopped successfully
2025-06-09 23:15:50,176 - nasdaq_scraper - INFO - _signal_handler:40 - Received SIGINT, initiating graceful shutdown...
2025-06-09 23:15:50,176 - nasdaq_scraper - INFO - stop:255 - Stopping application...
2025-06-09 23:15:50,177 - nasdaq_scraper - INFO - stop:265 - Application stopped successfully
2025-06-09 23:15:50,255 - nasdaq_scraper - INFO - _signal_handler:40 - Received SIGINT, initiating graceful shutdown...
2025-06-09 23:15:50,255 - nasdaq_scraper - INFO - stop:255 - Stopping application...
2025-06-09 23:15:50,255 - nasdaq_scraper - INFO - stop:265 - Application stopped successfully
2025-06-09 23:15:50,335 - nasdaq_scraper - INFO - _signal_handler:40 - Received SIGINT, initiating graceful shutdown...
2025-06-09 23:15:50,335 - nasdaq_scraper - INFO - stop:255 - Stopping application...
2025-06-09 23:15:50,335 - nasdaq_scraper - INFO - stop:265 - Application stopped successfully
2025-06-09 23:15:50,422 - nasdaq_scraper - INFO - _signal_handler:40 - Received SIGINT, initiating graceful shutdown...
2025-06-09 23:15:50,422 - nasdaq_scraper - INFO - stop:255 - Stopping application...
2025-06-09 23:15:50,422 - nasdaq_scraper - INFO - stop:265 - Application stopped successfully
2025-06-09 23:15:50,504 - nasdaq_scraper - INFO - _signal_handler:40 - Received SIGINT, initiating graceful shutdown...
2025-06-09 23:15:50,504 - nasdaq_scraper - INFO - stop:255 - Stopping application...
2025-06-09 23:15:50,504 - nasdaq_scraper - INFO - stop:265 - Application stopped successfully
2025-06-09 23:15:50,589 - nasdaq_scraper - INFO - _signal_handler:40 - Received SIGINT, initiating graceful shutdown...
2025-06-09 23:15:50,590 - nasdaq_scraper - INFO - stop:255 - Stopping application...
2025-06-09 23:15:50,590 - nasdaq_scraper - INFO - stop:265 - Application stopped successfully
2025-06-09 23:15:50,668 - nasdaq_scraper - INFO - _signal_handler:40 - Received SIGINT, initiating graceful shutdown...
2025-06-09 23:15:50,668 - nasdaq_scraper - INFO - stop:255 - Stopping application...
2025-06-09 23:15:50,668 - nasdaq_scraper - INFO - stop:265 - Application stopped successfully
2025-06-09 23:15:50,756 - nasdaq_scraper - INFO - _signal_handler:40 - Received SIGINT, initiating graceful shutdown...
2025-06-09 23:15:50,756 - nasdaq_scraper - INFO - stop:255 - Stopping application...
2025-06-09 23:15:50,756 - nasdaq_scraper - INFO - stop:265 - Application stopped successfully
2025-06-09 23:15:50,840 - nasdaq_scraper - INFO - _signal_handler:40 - Received SIGINT, initiating graceful shutdown...
2025-06-09 23:15:50,841 - nasdaq_scraper - INFO - stop:255 - Stopping application...
2025-06-09 23:15:50,841 - nasdaq_scraper - INFO - stop:265 - Application stopped successfully
2025-06-09 23:15:50,927 - nasdaq_scraper - INFO - _signal_handler:40 - Received SIGINT, initiating graceful shutdown...
2025-06-09 23:15:50,928 - nasdaq_scraper - INFO - stop:255 - Stopping application...
2025-06-09 23:15:50,928 - nasdaq_scraper - INFO - stop:265 - Application stopped successfully
2025-06-09 23:15:51,012 - nasdaq_scraper - INFO - _signal_handler:40 - Received SIGINT, initiating graceful shutdown...
2025-06-09 23:15:51,013 - nasdaq_scraper - INFO - stop:255 - Stopping application...
2025-06-09 23:15:51,013 - nasdaq_scraper - INFO - stop:265 - Application stopped successfully
2025-06-09 23:15:51,089 - nasdaq_scraper - INFO - _signal_handler:40 - Received SIGINT, initiating graceful shutdown...
2025-06-09 23:15:51,089 - nasdaq_scraper - INFO - stop:255 - Stopping application...
2025-06-09 23:15:51,090 - nasdaq_scraper - INFO - stop:265 - Application stopped successfully
2025-06-09 23:15:51,172 - nasdaq_scraper - INFO - _signal_handler:40 - Received SIGINT, initiating graceful shutdown...
2025-06-09 23:15:51,172 - nasdaq_scraper - INFO - stop:255 - Stopping application...
2025-06-09 23:15:51,173 - nasdaq_scraper - INFO - stop:265 - Application stopped successfully
2025-06-09 23:15:51,252 - nasdaq_scraper - INFO - _signal_handler:40 - Received SIGINT, initiating graceful shutdown...
2025-06-09 23:15:51,253 - nasdaq_scraper - INFO - stop:255 - Stopping application...
2025-06-09 23:15:51,253 - nasdaq_scraper - INFO - stop:265 - Application stopped successfully
2025-06-09 23:15:51,338 - nasdaq_scraper - INFO - _signal_handler:40 - Received SIGINT, initiating graceful shutdown...
2025-06-09 23:15:51,338 - nasdaq_scraper - INFO - stop:255 - Stopping application...
2025-06-09 23:15:51,338 - nasdaq_scraper - INFO - stop:265 - Application stopped successfully
2025-06-09 23:15:51,423 - nasdaq_scraper - INFO - _signal_handler:40 - Received SIGINT, initiating graceful shutdown...
2025-06-09 23:15:51,423 - nasdaq_scraper - INFO - stop:255 - Stopping application...
2025-06-09 23:15:51,423 - nasdaq_scraper - INFO - stop:265 - Application stopped successfully
2025-06-09 23:15:51,507 - nasdaq_scraper - INFO - _signal_handler:40 - Received SIGINT, initiating graceful shutdown...
2025-06-09 23:15:51,507 - nasdaq_scraper - INFO - stop:255 - Stopping application...
2025-06-09 23:15:51,507 - nasdaq_scraper - INFO - stop:265 - Application stopped successfully
2025-06-09 23:16:58,940 - nasdaq_scraper - INFO - __init__:33 - NASDAQ-100 Scraper Application initialized
2025-06-09 23:16:58,940 - nasdaq_scraper - INFO - initialize:46 - Initializing application components...
2025-06-09 23:16:58,940 - nasdaq_scraper - INFO - initialize:53 - Initializing database connection...
2025-06-09 23:16:59,235 - nasdaq_scraper - INFO - initialize:63 - Initializing NASDAQ scraper...
2025-06-09 23:16:59,236 - nasdaq_scraper - INFO - initialize:70 - Performing initial health check...
2025-06-09 23:17:02,774 - nasdaq_scraper - INFO - initialize:79 - All components initialized successfully
2025-06-09 23:17:02,775 - nasdaq_scraper - INFO - run_once:214 - Running single scraping cycle...
2025-06-09 23:17:02,777 - nasdaq_scraper - INFO - run_single_scrape:90 - Starting scraping cycle...
2025-06-09 23:22:55,378 - nasdaq_scraper - WARNING - run_single_scrape:106 - No successful data to save
2025-06-09 23:22:55,379 - nasdaq_scraper - INFO - run_single_scrape:110 - Scraping cycle completed in 352.6s: 0/100 successful (0.0%)
2025-06-09 23:22:55,379 - nasdaq_scraper - WARNING - run_single_scrape:119 - Failed symbols: ['AAPL', 'MSFT', 'GOOGL', 'GOOG', 'AMZN', 'TSLA', 'META', 'NVDA', 'AVGO', 'ASML', 'COST', 'NFLX', 'ADBE', 'PEP', 'TMUS', 'CSCO', 'ORCL', 'CRM', 'ACN', 'INTC', 'AMD', 'QCOM', 'TXN', 'INTU', 'CMCSA', 'AMGN', 'HON', 'AMAT', 'PANW', 'VRTX', 'ADI', 'GILD', 'BKNG', 'MU', 'ADP', 'LRCX', 'SBUX', 'MELI', 'KLAC', 'MDLZ', 'SNPS', 'CDNS', 'REGN', 'PYPL', 'FTNT', 'MAR', 'MRVL', 'ORLY', 'CSX', 'DASH', 'ADSK', 'ABNB', 'ROP', 'NXPI', 'WDAY', 'CPRT', 'MNST', 'FANG', 'AEP', 'ROST', 'KDP', 'PAYX', 'ODFL', 'FAST', 'BKR', 'EA', 'DDOG', 'VRSK', 'XEL', 'CTSH', 'GEHC', 'KHC', 'LULU', 'TEAM', 'CSGP', 'IDXX', 'ANSS', 'ZS', 'DXCM', 'CCEP', 'BIIB', 'TTWO', 'PCAR', 'ON', 'CRWD', 'CDW', 'WBD', 'GFS', 'ILMN', 'MDB', 'WBA', 'MRNA', 'ARM', 'SMCI', 'DLTR', 'CTAS', 'EXC', 'SGEN', 'SIRI', 'LCID']
2025-06-09 23:22:55,379 - nasdaq_scraper - ERROR - run_once:221 - Single scrape failed
2025-06-09 23:25:45,013 - nasdaq_scraper - INFO - __init__:33 - NASDAQ-100 Scraper Application initialized
2025-06-09 23:25:45,013 - nasdaq_scraper - INFO - initialize:46 - Initializing application components...
2025-06-09 23:25:45,013 - nasdaq_scraper - INFO - initialize:53 - Initializing database connection...
2025-06-09 23:25:45,570 - nasdaq_scraper - INFO - initialize:63 - Initializing NASDAQ scraper...
2025-06-09 23:25:45,573 - nasdaq_scraper - INFO - initialize:70 - Performing initial health check...
2025-06-09 23:25:49,001 - nasdaq_scraper - INFO - initialize:79 - All components initialized successfully
2025-06-09 23:25:49,001 - nasdaq_scraper - INFO - run_once:214 - Running single scraping cycle...
2025-06-09 23:25:49,003 - nasdaq_scraper - INFO - run_single_scrape:90 - Starting scraping cycle...
2025-06-09 23:25:49,448 - nasdaq_scraper - INFO - _signal_handler:40 - Received SIGINT, initiating graceful shutdown...
2025-06-09 23:25:49,449 - nasdaq_scraper - INFO - stop:255 - Stopping application...
2025-06-09 23:25:49,449 - nasdaq_scraper - INFO - stop:265 - Application stopped successfully
2025-06-09 23:25:49,601 - nasdaq_scraper - INFO - _signal_handler:40 - Received SIGINT, initiating graceful shutdown...
2025-06-09 23:25:49,602 - nasdaq_scraper - INFO - stop:255 - Stopping application...
2025-06-09 23:25:49,602 - nasdaq_scraper - INFO - stop:265 - Application stopped successfully
2025-06-09 23:25:49,732 - nasdaq_scraper - INFO - _signal_handler:40 - Received SIGINT, initiating graceful shutdown...
2025-06-09 23:25:49,732 - nasdaq_scraper - INFO - stop:255 - Stopping application...
2025-06-09 23:25:49,732 - nasdaq_scraper - INFO - stop:265 - Application stopped successfully
2025-06-09 23:29:00,871 - nasdaq_scraper - INFO - _signal_handler:40 - Received SIGTERM, initiating graceful shutdown...
2025-06-09 23:29:00,872 - nasdaq_scraper - INFO - stop:255 - Stopping application...
2025-06-09 23:29:00,874 - nasdaq_scraper - INFO - stop:265 - Application stopped successfully
